<?xml version="1.0" encoding="UTF-8"?>
<testng-results skipped="0" failed="3" ignored="4" total="35" passed="28">
  <reporter-output>
    <line>
      <![CDATA[登录成功]]>
    </line>
  </reporter-output>
  <suite name="Suite" duration-ms="133137" started-at="2019-02-12T03:26:28Z" finished-at="2019-02-12T03:28:41Z">
    <groups>
    </groups>
    <test name="TestJZDT" duration-ms="133137" started-at="2019-02-12T03:26:28Z" finished-at="2019-02-12T03:28:41Z">
      <class name="com.test.testSuite.TestCases">
        <test-method status="PASS" signature="setUP()[pri:0, instance:com.test.testSuite.TestCases@437da279]" name="setUP" is-config="true" duration-ms="2820" started-at="2019-02-12T03:26:28Z" finished-at="2019-02-12T03:26:31Z">
          <reporter-output>
          </reporter-output>
        </test-method> <!-- setUP -->
        <test-method status="PASS" signature="testInputRoadNameAndLocate()[pri:0, instance:com.test.testSuite.TestCases@437da279]" name="testInputRoadNameAndLocate" duration-ms="7756" started-at="2019-02-12T03:26:31Z" finished-at="2019-02-12T03:26:38Z">
          <reporter-output>
          </reporter-output>
        </test-method> <!-- testInputRoadNameAndLocate -->
        <test-method status="PASS" signature="testSelectDataType_HongGuan()[pri:0, instance:com.test.testSuite.TestCases@437da279]" name="testSelectDataType_HongGuan" duration-ms="2294" started-at="2019-02-12T03:26:38Z" finished-at="2019-02-12T03:26:41Z">
          <reporter-output>
          </reporter-output>
        </test-method> <!-- testSelectDataType_HongGuan -->
        <test-method status="PASS" signature="testDataBrowseFolder()[pri:0, instance:com.test.testSuite.TestCases@437da279]" name="testDataBrowseFolder" duration-ms="2332" started-at="2019-02-12T03:26:41Z" finished-at="2019-02-12T03:26:43Z">
          <reporter-output>
          </reporter-output>
        </test-method> <!-- testDataBrowseFolder -->
        <test-method status="PASS" signature="testSelectDataTypeAndAreaMeasureInDataQueryFolder()[pri:0, instance:com.test.testSuite.TestCases@437da279]" name="testSelectDataTypeAndAreaMeasureInDataQueryFolder" duration-ms="1926" started-at="2019-02-12T03:26:43Z" finished-at="2019-02-12T03:26:45Z">
          <reporter-output>
          </reporter-output>
        </test-method> <!-- testSelectDataTypeAndAreaMeasureInDataQueryFolder -->
        <test-method status="PASS" signature="testConditionQueryAndLocate()[pri:0, instance:com.test.testSuite.TestCases@437da279]" name="testConditionQueryAndLocate" duration-ms="7839" started-at="2019-02-12T03:26:45Z" finished-at="2019-02-12T03:26:53Z">
          <reporter-output>
          </reporter-output>
        </test-method> <!-- testConditionQueryAndLocate -->
        <test-method status="PASS" signature="testSelectDataTypeAndMeasureInDataExport()[pri:0, instance:com.test.testSuite.TestCases@437da279]" name="testSelectDataTypeAndMeasureInDataExport" duration-ms="2526" started-at="2019-02-12T03:26:53Z" finished-at="2019-02-12T03:26:55Z">
          <reporter-output>
          </reporter-output>
        </test-method> <!-- testSelectDataTypeAndMeasureInDataExport -->
        <test-method status="PASS" signature="testInputRoadNameAndLocateInDataExport()[pri:0, instance:com.test.testSuite.TestCases@437da279]" name="testInputRoadNameAndLocateInDataExport" duration-ms="714" started-at="2019-02-12T03:26:55Z" finished-at="2019-02-12T03:26:56Z">
          <reporter-output>
          </reporter-output>
        </test-method> <!-- testInputRoadNameAndLocateInDataExport -->
        <test-method status="PASS" signature="testAddUserFiledNotNull()[pri:0, instance:com.test.testSuite.TestCases@437da279]" name="testAddUserFiledNotNull" duration-ms="1411" started-at="2019-02-12T03:26:56Z" finished-at="2019-02-12T03:26:58Z">
          <reporter-output>
          </reporter-output>
        </test-method> <!-- testAddUserFiledNotNull -->
        <test-method status="PASS" signature="testAddUserFieldLength()[pri:0, instance:com.test.testSuite.TestCases@437da279]" name="testAddUserFieldLength" duration-ms="1582" started-at="2019-02-12T03:26:58Z" finished-at="2019-02-12T03:26:59Z">
          <reporter-output>
          </reporter-output>
        </test-method> <!-- testAddUserFieldLength -->
        <test-method status="PASS" signature="testAddUserPass(java.lang.String, java.lang.String)[pri:0, instance:com.test.testSuite.TestCases@437da279]" name="testAddUserPass" duration-ms="7664" started-at="2019-02-12T03:26:59Z" finished-at="2019-02-12T03:27:07Z">
          <params>
            <param index="0">
              <value>
                <![CDATA[test1]]>
              </value>
            </param>
            <param index="1">
              <value>
                <![CDATA[test1]]>
              </value>
            </param>
          </params>
          <reporter-output>
          </reporter-output>
        </test-method> <!-- testAddUserPass -->
        <test-method status="PASS" signature="testInputKeywordAndSearchUser()[pri:0, instance:com.test.testSuite.TestCases@437da279]" name="testInputKeywordAndSearchUser" duration-ms="414" started-at="2019-02-12T03:27:07Z" finished-at="2019-02-12T03:27:07Z">
          <reporter-output>
          </reporter-output>
        </test-method> <!-- testInputKeywordAndSearchUser -->
        <test-method status="PASS" signature="testSelectFromDropListAndSearchUser()[pri:0, instance:com.test.testSuite.TestCases@437da279]" name="testSelectFromDropListAndSearchUser" duration-ms="475" started-at="2019-02-12T03:27:07Z" finished-at="2019-02-12T03:27:08Z">
          <reporter-output>
          </reporter-output>
        </test-method> <!-- testSelectFromDropListAndSearchUser -->
        <test-method status="PASS" signature="testEditUser()[pri:0, instance:com.test.testSuite.TestCases@437da279]" name="testEditUser" duration-ms="9477" started-at="2019-02-12T03:27:08Z" finished-at="2019-02-12T03:27:17Z">
          <reporter-output>
          </reporter-output>
        </test-method> <!-- testEditUser -->
        <test-method status="PASS" signature="testUserNameNotAllowedDuplicate(java.lang.String, java.lang.String)[pri:0, instance:com.test.testSuite.TestCases@437da279]" name="testUserNameNotAllowedDuplicate" duration-ms="1745" started-at="2019-02-12T03:27:17Z" finished-at="2019-02-12T03:27:19Z">
          <params>
            <param index="0">
              <value>
                <![CDATA[test1]]>
              </value>
            </param>
            <param index="1">
              <value>
                <![CDATA[test1]]>
              </value>
            </param>
          </params>
          <reporter-output>
          </reporter-output>
        </test-method> <!-- testUserNameNotAllowedDuplicate -->
        <test-method status="PASS" signature="testDeleteUser()[pri:0, instance:com.test.testSuite.TestCases@437da279]" name="testDeleteUser" duration-ms="12867" started-at="2019-02-12T03:27:19Z" finished-at="2019-02-12T03:27:32Z">
          <reporter-output>
          </reporter-output>
        </test-method> <!-- testDeleteUser -->
        <test-method status="PASS" signature="testAddRolePass(java.lang.String)[pri:0, instance:com.test.testSuite.TestCases@437da279]" name="testAddRolePass" duration-ms="7922" started-at="2019-02-12T03:27:32Z" finished-at="2019-02-12T03:27:40Z">
          <params>
            <param index="0">
              <value>
                <![CDATA[roleName]]>
              </value>
            </param>
          </params>
          <reporter-output>
          </reporter-output>
        </test-method> <!-- testAddRolePass -->
        <test-method status="PASS" signature="testRoleNameFieldVerify(java.lang.String)[pri:0, instance:com.test.testSuite.TestCases@437da279]" name="testRoleNameFieldVerify" duration-ms="1785" started-at="2019-02-12T03:27:40Z" finished-at="2019-02-12T03:27:41Z">
          <params>
            <param index="0">
              <value>
                <![CDATA[roleName]]>
              </value>
            </param>
          </params>
          <reporter-output>
          </reporter-output>
        </test-method> <!-- testRoleNameFieldVerify -->
        <test-method status="PASS" signature="testInputKeywordAndSearchRole(java.lang.String)[pri:0, instance:com.test.testSuite.TestCases@437da279]" name="testInputKeywordAndSearchRole" duration-ms="1025" started-at="2019-02-12T03:27:41Z" finished-at="2019-02-12T03:27:42Z">
          <params>
            <param index="0">
              <value>
                <![CDATA[roleName]]>
              </value>
            </param>
          </params>
          <reporter-output>
          </reporter-output>
        </test-method> <!-- testInputKeywordAndSearchRole -->
        <test-method status="PASS" signature="testSelectFromDropListAndSearchRole()[pri:0, instance:com.test.testSuite.TestCases@437da279]" name="testSelectFromDropListAndSearchRole" duration-ms="520" started-at="2019-02-12T03:27:42Z" finished-at="2019-02-12T03:27:43Z">
          <reporter-output>
          </reporter-output>
        </test-method> <!-- testSelectFromDropListAndSearchRole -->
        <test-method status="PASS" signature="testEditRole()[pri:0, instance:com.test.testSuite.TestCases@437da279]" name="testEditRole" duration-ms="7738" started-at="2019-02-12T03:27:43Z" finished-at="2019-02-12T03:27:51Z">
          <reporter-output>
          </reporter-output>
        </test-method> <!-- testEditRole -->
        <test-method status="PASS" signature="testFenYeInUserRole()[pri:0, instance:com.test.testSuite.TestCases@437da279]" name="testFenYeInUserRole" duration-ms="10175" started-at="2019-02-12T03:27:51Z" finished-at="2019-02-12T03:28:01Z">
          <reporter-output>
          </reporter-output>
        </test-method> <!-- testFenYeInUserRole -->
        <test-method status="PASS" signature="testDeleteRole()[pri:0, instance:com.test.testSuite.TestCases@437da279]" name="testDeleteRole" duration-ms="13581" started-at="2019-02-12T03:28:01Z" finished-at="2019-02-12T03:28:15Z">
          <reporter-output>
          </reporter-output>
        </test-method> <!-- testDeleteRole -->
        <test-method status="PASS" signature="testAddDept(java.lang.String, java.lang.String)[pri:0, instance:com.test.testSuite.TestCases@437da279]" name="testAddDept" duration-ms="7610" started-at="2019-02-12T03:28:15Z" finished-at="2019-02-12T03:28:22Z">
          <params>
            <param index="0">
              <value>
                <![CDATA[testDept]]>
              </value>
            </param>
            <param index="1">
              <value>
                <![CDATA[testSpon]]>
              </value>
            </param>
          </params>
          <reporter-output>
          </reporter-output>
        </test-method> <!-- testAddDept -->
        <test-method status="PASS" signature="testVerifyDeptNameField(java.lang.String, java.lang.String)[pri:0, instance:com.test.testSuite.TestCases@437da279]" name="testVerifyDeptNameField" duration-ms="3047" started-at="2019-02-12T03:28:22Z" finished-at="2019-02-12T03:28:25Z">
          <params>
            <param index="0">
              <value>
                <![CDATA[testDept]]>
              </value>
            </param>
            <param index="1">
              <value>
                <![CDATA[testSpon]]>
              </value>
            </param>
          </params>
          <reporter-output>
          </reporter-output>
        </test-method> <!-- testVerifyDeptNameField -->
        <test-method status="PASS" signature="testInputKeywordAndSearchDept(java.lang.String)[pri:0, instance:com.test.testSuite.TestCases@437da279]" name="testInputKeywordAndSearchDept" duration-ms="425" started-at="2019-02-12T03:28:25Z" finished-at="2019-02-12T03:28:26Z">
          <params>
            <param index="0">
              <value>
                <![CDATA[testDept]]>
              </value>
            </param>
          </params>
          <reporter-output>
          </reporter-output>
        </test-method> <!-- testInputKeywordAndSearchDept -->
        <test-method status="PASS" signature="testSelectFromDropListAndSearchDept()[pri:0, instance:com.test.testSuite.TestCases@437da279]" name="testSelectFromDropListAndSearchDept" duration-ms="1099" started-at="2019-02-12T03:28:26Z" finished-at="2019-02-12T03:28:27Z">
          <reporter-output>
          </reporter-output>
        </test-method> <!-- testSelectFromDropListAndSearchDept -->
        <test-method status="PASS" signature="testEditDept()[pri:0, instance:com.test.testSuite.TestCases@437da279]" name="testEditDept" duration-ms="7436" started-at="2019-02-12T03:28:27Z" finished-at="2019-02-12T03:28:34Z">
          <reporter-output>
          </reporter-output>
        </test-method> <!-- testEditDept -->
        <test-method status="FAIL" signature="testDeleteDept()[pri:0, instance:com.test.testSuite.TestCases@437da279]" name="testDeleteDept" duration-ms="836" started-at="2019-02-12T03:28:34Z" finished-at="2019-02-12T03:28:35Z">
          <exception class="java.lang.NullPointerException">
            <full-stacktrace>
              <![CDATA[java.lang.NullPointerException
at org.openqa.selenium.support.ui.ExpectedConditions.elementIfVisible(ExpectedConditions.java:315)
at org.openqa.selenium.support.ui.ExpectedConditions.access$100(ExpectedConditions.java:44)
at org.openqa.selenium.support.ui.ExpectedConditions$10.apply(ExpectedConditions.java:301)
at org.openqa.selenium.support.ui.ExpectedConditions$10.apply(ExpectedConditions.java:298)
at org.openqa.selenium.support.ui.ExpectedConditions$23.apply(ExpectedConditions.java:686)
at org.openqa.selenium.support.ui.ExpectedConditions$23.apply(ExpectedConditions.java:682)
at org.openqa.selenium.support.ui.FluentWait.until(FluentWait.java:248)
at com.test.testSuite.TestCases.testDeleteDept(TestCases.java:575)
at sun.reflect.NativeMethodAccessorImpl.invoke0(Native Method)
at sun.reflect.NativeMethodAccessorImpl.invoke(NativeMethodAccessorImpl.java:62)
at sun.reflect.DelegatingMethodAccessorImpl.invoke(DelegatingMethodAccessorImpl.java:43)
at java.lang.reflect.Method.invoke(Method.java:483)
at org.testng.internal.MethodInvocationHelper.invokeMethod(MethodInvocationHelper.java:124)
at org.testng.internal.Invoker.invokeMethod(Invoker.java:583)
at org.testng.internal.Invoker.invokeTestMethod(Invoker.java:719)
at org.testng.internal.Invoker.invokeTestMethods(Invoker.java:989)
at org.testng.internal.TestMethodWorker.invokeTestMethods(TestMethodWorker.java:125)
at org.testng.internal.TestMethodWorker.run(TestMethodWorker.java:109)
at java.util.concurrent.ThreadPoolExecutor.runWorker(ThreadPoolExecutor.java:1142)
at java.util.concurrent.ThreadPoolExecutor$Worker.run(ThreadPoolExecutor.java:617)
at java.lang.Thread.run(Thread.java:744)
]]>
            </full-stacktrace>
          </exception> <!-- java.lang.NullPointerException -->
          <reporter-output>
          </reporter-output>
        </test-method> <!-- testDeleteDept -->
        <test-method status="FAIL" signature="testDataUpdateUploadFile()[pri:0, instance:com.test.testSuite.TestCases@437da279]" name="testDataUpdateUploadFile" duration-ms="3032" started-at="2019-02-12T03:28:35Z" finished-at="2019-02-12T03:28:38Z">
          <exception class="java.lang.NullPointerException">
            <full-stacktrace>
              <![CDATA[java.lang.NullPointerException
at com.test.testSuite.TestCases.testDataUpdateUploadFile(TestCases.java:142)
at sun.reflect.NativeMethodAccessorImpl.invoke0(Native Method)
at sun.reflect.NativeMethodAccessorImpl.invoke(NativeMethodAccessorImpl.java:62)
at sun.reflect.DelegatingMethodAccessorImpl.invoke(DelegatingMethodAccessorImpl.java:43)
at java.lang.reflect.Method.invoke(Method.java:483)
at org.testng.internal.MethodInvocationHelper.invokeMethod(MethodInvocationHelper.java:124)
at org.testng.internal.Invoker.invokeMethod(Invoker.java:583)
at org.testng.internal.Invoker.invokeTestMethod(Invoker.java:719)
at org.testng.internal.Invoker.invokeTestMethods(Invoker.java:989)
at org.testng.internal.TestMethodWorker.invokeTestMethods(TestMethodWorker.java:125)
at org.testng.internal.TestMethodWorker.run(TestMethodWorker.java:109)
at java.util.concurrent.ThreadPoolExecutor.runWorker(ThreadPoolExecutor.java:1142)
at java.util.concurrent.ThreadPoolExecutor$Worker.run(ThreadPoolExecutor.java:617)
at java.lang.Thread.run(Thread.java:744)
]]>
            </full-stacktrace>
          </exception> <!-- java.lang.NullPointerException -->
          <reporter-output>
          </reporter-output>
        </test-method> <!-- testDataUpdateUploadFile -->
        <test-method status="FAIL" signature="testDataRecover()[pri:0, instance:com.test.testSuite.TestCases@437da279]" name="testDataRecover" duration-ms="3036" started-at="2019-02-12T03:28:38Z" finished-at="2019-02-12T03:28:41Z">
          <exception class="java.lang.NullPointerException">
            <full-stacktrace>
              <![CDATA[java.lang.NullPointerException
at org.openqa.selenium.support.ui.ExpectedConditions.elementIfVisible(ExpectedConditions.java:315)
at org.openqa.selenium.support.ui.ExpectedConditions.access$100(ExpectedConditions.java:44)
at org.openqa.selenium.support.ui.ExpectedConditions$10.apply(ExpectedConditions.java:301)
at org.openqa.selenium.support.ui.ExpectedConditions$10.apply(ExpectedConditions.java:298)
at org.openqa.selenium.support.ui.FluentWait.until(FluentWait.java:248)
at com.test.testSuite.TestCases.testDataRecover(TestCases.java:163)
at sun.reflect.NativeMethodAccessorImpl.invoke0(Native Method)
at sun.reflect.NativeMethodAccessorImpl.invoke(NativeMethodAccessorImpl.java:62)
at sun.reflect.DelegatingMethodAccessorImpl.invoke(DelegatingMethodAccessorImpl.java:43)
at java.lang.reflect.Method.invoke(Method.java:483)
at org.testng.internal.MethodInvocationHelper.invokeMethod(MethodInvocationHelper.java:124)
at org.testng.internal.Invoker.invokeMethod(Invoker.java:583)
at org.testng.internal.Invoker.invokeTestMethod(Invoker.java:719)
at org.testng.internal.Invoker.invokeTestMethods(Invoker.java:989)
at org.testng.internal.TestMethodWorker.invokeTestMethods(TestMethodWorker.java:125)
at org.testng.internal.TestMethodWorker.run(TestMethodWorker.java:109)
at java.util.concurrent.ThreadPoolExecutor.runWorker(ThreadPoolExecutor.java:1142)
at java.util.concurrent.ThreadPoolExecutor$Worker.run(ThreadPoolExecutor.java:617)
at java.lang.Thread.run(Thread.java:744)
]]>
            </full-stacktrace>
          </exception> <!-- java.lang.NullPointerException -->
          <reporter-output>
          </reporter-output>
        </test-method> <!-- testDataRecover -->
      </class> <!-- com.test.testSuite.TestCases -->
      <class name="com.test.testSuite.Login">
        <test-method status="PASS" signature="logPass()[pri:0, instance:com.test.testSuite.Login@7bab3f1a]" name="logPass" duration-ms="4003" started-at="2019-02-12T03:26:28Z" finished-at="2019-02-12T03:26:32Z">
          <reporter-output>
            <line>
              <![CDATA[登录成功]]>
            </line>
          </reporter-output>
        </test-method> <!-- logPass -->
        <test-method status="PASS" signature="afterMethod()[pri:0, instance:com.test.testSuite.Login@7bab3f1a]" name="afterMethod" is-config="true" duration-ms="51" started-at="2019-02-12T03:26:32Z" finished-at="2019-02-12T03:26:32Z">
          <reporter-output>
          </reporter-output>
        </test-method> <!-- afterMethod -->
      </class> <!-- com.test.testSuite.Login -->
    </test> <!-- TestJZDT -->
  </suite> <!-- Suite -->
</testng-results>
