<!DOCTYPE html>

<html>
  <head>
  <meta charset='utf-8'>
  <title>TestNG reports</title>

    <link type="text/css" href="testng-reports.css" rel="stylesheet" />
    <script type="text/javascript" src="jquery-1.7.1.min.js"></script>
    <script type="text/javascript" src="testng-reports.js"></script>
    <script type="text/javascript" src="https://www.google.com/jsapi"></script>
    <script type='text/javascript'>
      google.load('visualization', '1', {packages:['table']});
      google.setOnLoadCallback(drawTable);
      var suiteTableInitFunctions = new Array();
      var suiteTableData = new Array();
    </script>
    <!--
      <script type="text/javascript" src="jquery-ui/js/jquery-ui-1.8.16.custom.min.js"></script>
     -->
  </head>

  <body>
    <div class="top-banner-root">
      <span class="top-banner-title-font">Test results</span>
      <br/>
      <span class="top-banner-font-1">1 suite, 9 failed tests</span>
    </div> <!-- top-banner-root -->
    <div class="navigator-root">
      <div class="navigator-suite-header">
        <span>All suites</span>
        <a href="#" class="collapse-all-link" title="Collapse/expand all the suites">
          <img class="collapse-all-icon" src="collapseall.gif">
          </img> <!-- collapse-all-icon -->
        </a> <!-- collapse-all-link -->
      </div> <!-- navigator-suite-header -->
      <div class="suite">
        <div class="rounded-window">
          <div class="suite-header light-rounded-window-top">
            <a href="#" class="navigator-link" panel-name="suite-Suite">
              <span class="suite-name border-failed">Suite</span>
            </a> <!-- navigator-link -->
          </div> <!-- suite-header light-rounded-window-top -->
          <div class="navigator-suite-content">
            <div class="suite-section-title">
              <span>Info</span>
            </div> <!-- suite-section-title -->
            <div class="suite-section-content">
              <ul>
                <li>
                  <a href="#" class="navigator-link " panel-name="test-xml-Suite">
                    <span>E:\JZ\testNG.xml</span>
                  </a> <!-- navigator-link  -->
                </li>
                <li>
                  <a href="#" class="navigator-link " panel-name="testlist-Suite">
                    <span class="test-stats">1 test</span>
                  </a> <!-- navigator-link  -->
                </li>
                <li>
                  <a href="#" class="navigator-link " panel-name="group-Suite">
                    <span>0 groups</span>
                  </a> <!-- navigator-link  -->
                </li>
                <li>
                  <a href="#" class="navigator-link " panel-name="times-Suite">
                    <span>Times</span>
                  </a> <!-- navigator-link  -->
                </li>
                <li>
                  <a href="#" class="navigator-link " panel-name="reporter-Suite">
                    <span>Reporter output</span>
                  </a> <!-- navigator-link  -->
                </li>
                <li>
                  <a href="#" class="navigator-link " panel-name="ignored-methods-Suite">
                    <span>Ignored methods</span>
                  </a> <!-- navigator-link  -->
                </li>
                <li>
                  <a href="#" class="navigator-link " panel-name="chronological-Suite">
                    <span>Chronological view</span>
                  </a> <!-- navigator-link  -->
                </li>
              </ul>
            </div> <!-- suite-section-content -->
            <div class="result-section">
              <div class="suite-section-title">
                <span>Results</span>
              </div> <!-- suite-section-title -->
              <div class="suite-section-content">
                <ul>
                  <li>
                    <span class="method-stats">31 methods, 9 failed,   22 passed</span>
                  </li>
                  <li>
                    <span class="method-list-title failed">Failed methods</span>
                    <span class="show-or-hide-methods failed">
                      <a href="#" panel-name="suite-Suite" class="hide-methods failed suite-Suite"> (hide)</a> <!-- hide-methods failed suite-Suite -->
                      <a href="#" panel-name="suite-Suite" class="show-methods failed suite-Suite"> (show)</a> <!-- show-methods failed suite-Suite -->
                    </span>
                    <div class="method-list-content failed suite-Suite">
                      <span>
                        <img width="3%" src="failed.png"/>
                        <a href="#" class="method navigator-link" panel-name="suite-Suite" title="com.test.testSuite.TestCases" hash-for-method="testAddDept(testDept, testSpon)">testAddDept(testDept, testSpon)</a> <!-- method navigator-link -->
                      </span>
                      <br/>
                      <span>
                        <img width="3%" src="failed.png"/>
                        <a href="#" class="method navigator-link" panel-name="suite-Suite" title="com.test.testSuite.TestCases" hash-for-method="testDataRecover">testDataRecover</a> <!-- method navigator-link -->
                      </span>
                      <br/>
                      <span>
                        <img width="3%" src="failed.png"/>
                        <a href="#" class="method navigator-link" panel-name="suite-Suite" title="com.test.testSuite.TestCases" hash-for-method="testDeleteDept">testDeleteDept</a> <!-- method navigator-link -->
                      </span>
                      <br/>
                      <span>
                        <img width="3%" src="failed.png"/>
                        <a href="#" class="method navigator-link" panel-name="suite-Suite" title="com.test.testSuite.TestCases" hash-for-method="testDeleteRole">testDeleteRole</a> <!-- method navigator-link -->
                      </span>
                      <br/>
                      <span>
                        <img width="3%" src="failed.png"/>
                        <a href="#" class="method navigator-link" panel-name="suite-Suite" title="com.test.testSuite.TestCases" hash-for-method="testEditDept">testEditDept</a> <!-- method navigator-link -->
                      </span>
                      <br/>
                      <span>
                        <img width="3%" src="failed.png"/>
                        <a href="#" class="method navigator-link" panel-name="suite-Suite" title="com.test.testSuite.TestCases" hash-for-method="testFenYeInUserRole">testFenYeInUserRole</a> <!-- method navigator-link -->
                      </span>
                      <br/>
                      <span>
                        <img width="3%" src="failed.png"/>
                        <a href="#" class="method navigator-link" panel-name="suite-Suite" title="com.test.testSuite.TestCases" hash-for-method="testInputKeywordAndSearchDept(testDept)">testInputKeywordAndSearchDept(testDept)</a> <!-- method navigator-link -->
                      </span>
                      <br/>
                      <span>
                        <img width="3%" src="failed.png"/>
                        <a href="#" class="method navigator-link" panel-name="suite-Suite" title="com.test.testSuite.TestCases" hash-for-method="testSelectFromDropListAndSearchDept">testSelectFromDropListAndSearchDept</a> <!-- method navigator-link -->
                      </span>
                      <br/>
                      <span>
                        <img width="3%" src="failed.png"/>
                        <a href="#" class="method navigator-link" panel-name="suite-Suite" title="com.test.testSuite.TestCases" hash-for-method="testVerifyDeptNameField(testDept, testSpon)">testVerifyDeptNameField(testDept, testSpon)</a> <!-- method navigator-link -->
                      </span>
                      <br/>
                    </div> <!-- method-list-content failed suite-Suite -->
                  </li>
                  <li>
                    <span class="method-list-title passed">Passed methods</span>
                    <span class="show-or-hide-methods passed">
                      <a href="#" panel-name="suite-Suite" class="hide-methods passed suite-Suite"> (hide)</a> <!-- hide-methods passed suite-Suite -->
                      <a href="#" panel-name="suite-Suite" class="show-methods passed suite-Suite"> (show)</a> <!-- show-methods passed suite-Suite -->
                    </span>
                    <div class="method-list-content passed suite-Suite">
                      <span>
                        <img width="3%" src="passed.png"/>
                        <a href="#" class="method navigator-link" panel-name="suite-Suite" title="com.test.testSuite.Login" hash-for-method="logPass">logPass</a> <!-- method navigator-link -->
                      </span>
                      <br/>
                      <span>
                        <img width="3%" src="passed.png"/>
                        <a href="#" class="method navigator-link" panel-name="suite-Suite" title="com.test.testSuite.TestCases" hash-for-method="testAddRolePass(roleName)">testAddRolePass(roleName)</a> <!-- method navigator-link -->
                      </span>
                      <br/>
                      <span>
                        <img width="3%" src="passed.png"/>
                        <a href="#" class="method navigator-link" panel-name="suite-Suite" title="com.test.testSuite.TestCases" hash-for-method="testAddUserFieldLength">testAddUserFieldLength</a> <!-- method navigator-link -->
                      </span>
                      <br/>
                      <span>
                        <img width="3%" src="passed.png"/>
                        <a href="#" class="method navigator-link" panel-name="suite-Suite" title="com.test.testSuite.TestCases" hash-for-method="testAddUserFiledNotNull">testAddUserFiledNotNull</a> <!-- method navigator-link -->
                      </span>
                      <br/>
                      <span>
                        <img width="3%" src="passed.png"/>
                        <a href="#" class="method navigator-link" panel-name="suite-Suite" title="com.test.testSuite.TestCases" hash-for-method="testAddUserPass(test1, test1)">testAddUserPass(test1, test1)</a> <!-- method navigator-link -->
                      </span>
                      <br/>
                      <span>
                        <img width="3%" src="passed.png"/>
                        <a href="#" class="method navigator-link" panel-name="suite-Suite" title="com.test.testSuite.TestCases" hash-for-method="testConditionQueryAndLocate">testConditionQueryAndLocate</a> <!-- method navigator-link -->
                      </span>
                      <br/>
                      <span>
                        <img width="3%" src="passed.png"/>
                        <a href="#" class="method navigator-link" panel-name="suite-Suite" title="com.test.testSuite.TestCases" hash-for-method="testDataBrowseFolder">testDataBrowseFolder</a> <!-- method navigator-link -->
                      </span>
                      <br/>
                      <span>
                        <img width="3%" src="passed.png"/>
                        <a href="#" class="method navigator-link" panel-name="suite-Suite" title="com.test.testSuite.TestCases" hash-for-method="testDataUpdateUploadFile">testDataUpdateUploadFile</a> <!-- method navigator-link -->
                      </span>
                      <br/>
                      <span>
                        <img width="3%" src="passed.png"/>
                        <a href="#" class="method navigator-link" panel-name="suite-Suite" title="com.test.testSuite.TestCases" hash-for-method="testDeleteUser">testDeleteUser</a> <!-- method navigator-link -->
                      </span>
                      <br/>
                      <span>
                        <img width="3%" src="passed.png"/>
                        <a href="#" class="method navigator-link" panel-name="suite-Suite" title="com.test.testSuite.TestCases" hash-for-method="testEditRole">testEditRole</a> <!-- method navigator-link -->
                      </span>
                      <br/>
                      <span>
                        <img width="3%" src="passed.png"/>
                        <a href="#" class="method navigator-link" panel-name="suite-Suite" title="com.test.testSuite.TestCases" hash-for-method="testEditUser">testEditUser</a> <!-- method navigator-link -->
                      </span>
                      <br/>
                      <span>
                        <img width="3%" src="passed.png"/>
                        <a href="#" class="method navigator-link" panel-name="suite-Suite" title="com.test.testSuite.TestCases" hash-for-method="testInputKeywordAndSearchRole(roleName)">testInputKeywordAndSearchRole(roleName)</a> <!-- method navigator-link -->
                      </span>
                      <br/>
                      <span>
                        <img width="3%" src="passed.png"/>
                        <a href="#" class="method navigator-link" panel-name="suite-Suite" title="com.test.testSuite.TestCases" hash-for-method="testInputKeywordAndSearchUser">testInputKeywordAndSearchUser</a> <!-- method navigator-link -->
                      </span>
                      <br/>
                      <span>
                        <img width="3%" src="passed.png"/>
                        <a href="#" class="method navigator-link" panel-name="suite-Suite" title="com.test.testSuite.TestCases" hash-for-method="testInputRoadNameAndLocate">testInputRoadNameAndLocate</a> <!-- method navigator-link -->
                      </span>
                      <br/>
                      <span>
                        <img width="3%" src="passed.png"/>
                        <a href="#" class="method navigator-link" panel-name="suite-Suite" title="com.test.testSuite.TestCases" hash-for-method="testInputRoadNameAndLocateInDataExport">testInputRoadNameAndLocateInDataExport</a> <!-- method navigator-link -->
                      </span>
                      <br/>
                      <span>
                        <img width="3%" src="passed.png"/>
                        <a href="#" class="method navigator-link" panel-name="suite-Suite" title="com.test.testSuite.TestCases" hash-for-method="testRoleNameFieldVerify(roleName)">testRoleNameFieldVerify(roleName)</a> <!-- method navigator-link -->
                      </span>
                      <br/>
                      <span>
                        <img width="3%" src="passed.png"/>
                        <a href="#" class="method navigator-link" panel-name="suite-Suite" title="com.test.testSuite.TestCases" hash-for-method="testSelectDataTypeAndAreaMeasureInDataQueryFolder">testSelectDataTypeAndAreaMeasureInDataQueryFolder</a> <!-- method navigator-link -->
                      </span>
                      <br/>
                      <span>
                        <img width="3%" src="passed.png"/>
                        <a href="#" class="method navigator-link" panel-name="suite-Suite" title="com.test.testSuite.TestCases" hash-for-method="testSelectDataTypeAndMeasureInDataExport">testSelectDataTypeAndMeasureInDataExport</a> <!-- method navigator-link -->
                      </span>
                      <br/>
                      <span>
                        <img width="3%" src="passed.png"/>
                        <a href="#" class="method navigator-link" panel-name="suite-Suite" title="com.test.testSuite.TestCases" hash-for-method="testSelectDataType_HongGuan">testSelectDataType_HongGuan</a> <!-- method navigator-link -->
                      </span>
                      <br/>
                      <span>
                        <img width="3%" src="passed.png"/>
                        <a href="#" class="method navigator-link" panel-name="suite-Suite" title="com.test.testSuite.TestCases" hash-for-method="testSelectFromDropListAndSearchRole">testSelectFromDropListAndSearchRole</a> <!-- method navigator-link -->
                      </span>
                      <br/>
                      <span>
                        <img width="3%" src="passed.png"/>
                        <a href="#" class="method navigator-link" panel-name="suite-Suite" title="com.test.testSuite.TestCases" hash-for-method="testSelectFromDropListAndSearchUser">testSelectFromDropListAndSearchUser</a> <!-- method navigator-link -->
                      </span>
                      <br/>
                      <span>
                        <img width="3%" src="passed.png"/>
                        <a href="#" class="method navigator-link" panel-name="suite-Suite" title="com.test.testSuite.TestCases" hash-for-method="testUserNameNotAllowedDuplicate(test1, test1)">testUserNameNotAllowedDuplicate(test1, test1)</a> <!-- method navigator-link -->
                      </span>
                      <br/>
                    </div> <!-- method-list-content passed suite-Suite -->
                  </li>
                </ul>
              </div> <!-- suite-section-content -->
            </div> <!-- result-section -->
          </div> <!-- navigator-suite-content -->
        </div> <!-- rounded-window -->
      </div> <!-- suite -->
    </div> <!-- navigator-root -->
    <div class="wrapper">
      <div class="main-panel-root">
        <div panel-name="suite-Suite" class="panel Suite">
          <div class="suite-Suite-class-failed">
            <div class="main-panel-header rounded-window-top">
              <img src="failed.png"/>
              <span class="class-name">com.test.testSuite.TestCases</span>
            </div> <!-- main-panel-header rounded-window-top -->
            <div class="main-panel-content rounded-window-bottom">
              <div class="method">
                <div class="method-content">
                  <a name="testAddDept(testDept, testSpon)">
                  </a> <!-- testAddDept(testDept, testSpon) -->
                  <span class="method-name">testAddDept</span>
                  <span class="parameters">(testDept, testSpon)</span>
                  <div class="stack-trace">java.lang.NullPointerException
	at org.openqa.selenium.support.ui.ExpectedConditions.elementIfVisible(ExpectedConditions.java:315)
	at org.openqa.selenium.support.ui.ExpectedConditions.access$100(ExpectedConditions.java:44)
	at org.openqa.selenium.support.ui.ExpectedConditions$10.apply(ExpectedConditions.java:301)
	at org.openqa.selenium.support.ui.ExpectedConditions$10.apply(ExpectedConditions.java:298)
	at org.openqa.selenium.support.ui.FluentWait.until(FluentWait.java:248)
	at com.test.pages.UserManagePage.goToDeptManagePage(UserManagePage.java:262)
	at com.test.testSuite.TestCases.testAddDept(TestCases.java:481)
	at sun.reflect.NativeMethodAccessorImpl.invoke0(Native Method)
	at sun.reflect.NativeMethodAccessorImpl.invoke(NativeMethodAccessorImpl.java:62)
	at sun.reflect.DelegatingMethodAccessorImpl.invoke(DelegatingMethodAccessorImpl.java:43)
	at java.lang.reflect.Method.invoke(Method.java:483)
	at org.testng.internal.MethodInvocationHelper.invokeMethod(MethodInvocationHelper.java:124)
	at org.testng.internal.Invoker.invokeMethod(Invoker.java:583)
	at org.testng.internal.Invoker.invokeTestMethod(Invoker.java:719)
	at org.testng.internal.Invoker.invokeTestMethods(Invoker.java:989)
	at org.testng.internal.TestMethodWorker.invokeTestMethods(TestMethodWorker.java:125)
	at org.testng.internal.TestMethodWorker.run(TestMethodWorker.java:109)
	at java.util.concurrent.ThreadPoolExecutor.runWorker(ThreadPoolExecutor.java:1142)
	at java.util.concurrent.ThreadPoolExecutor$Worker.run(ThreadPoolExecutor.java:617)
	at java.lang.Thread.run(Thread.java:744)

</div> <!-- stack-trace -->
                </div> <!-- method-content -->
              </div> <!-- method -->
              <div class="method">
                <div class="method-content">
                  <a name="testDataRecover">
                  </a> <!-- testDataRecover -->
                  <span class="method-name">testDataRecover</span>
                  <div class="stack-trace">org.openqa.selenium.TimeoutException: Expected condition failed: waiting for visibility of [org.openqa.selenium.remote.RemoteWebElement@68414a39 -&gt; unknown locator] (tried for 30 second(s) with 500 milliseconds interval)
Build info: version: &apos;3.12.0&apos;, revision: &apos;7c6e0b3&apos;, time: &apos;2018-05-08T14:04:26.12Z&apos;
System info: host: &apos;DESKTOP-LPMN131&apos;, ip: &apos;192.168.10.160&apos;, os.name: &apos;Windows 8.1&apos;, os.arch: &apos;amd64&apos;, os.version: &apos;6.3&apos;, java.version: &apos;1.8.0&apos;
Driver info: org.openqa.selenium.chrome.ChromeDriver
Capabilities {acceptInsecureCerts: false, acceptSslCerts: false, applicationCacheEnabled: false, browserConnectionEnabled: false, browserName: chrome, chrome: {chromedriverVersion: 2.40.565498 (ea082db3280dd6..., userDataDir: C:\Users\w\AppData\Local\Te...}, cssSelectorsEnabled: true, databaseEnabled: false, handlesAlerts: true, hasTouchScreen: false, javascriptEnabled: true, locationContextEnabled: true, mobileEmulationEnabled: false, nativeEvents: true, networkConnectionEnabled: false, pageLoadStrategy: normal, platform: XP, platformName: XP, rotatable: false, setWindowRect: true, takesHeapSnapshot: true, takesScreenshot: true, unexpectedAlertBehaviour: , unhandledPromptBehavior: , version: 71.0.3578.98, webStorageEnabled: true}
Session ID: 35d5ec3ed64c32fdad86deb5cd1a943e
	at org.openqa.selenium.support.ui.WebDriverWait.timeoutException(WebDriverWait.java:81)
	at org.openqa.selenium.support.ui.FluentWait.until(FluentWait.java:271)
	at com.test.testSuite.TestCases.testDataRecover(TestCases.java:163)
	at sun.reflect.NativeMethodAccessorImpl.invoke0(Native Method)
	at sun.reflect.NativeMethodAccessorImpl.invoke(NativeMethodAccessorImpl.java:62)
	at sun.reflect.DelegatingMethodAccessorImpl.invoke(DelegatingMethodAccessorImpl.java:43)
	at java.lang.reflect.Method.invoke(Method.java:483)
	at org.testng.internal.MethodInvocationHelper.invokeMethod(MethodInvocationHelper.java:124)
	at org.testng.internal.Invoker.invokeMethod(Invoker.java:583)
	at org.testng.internal.Invoker.invokeTestMethod(Invoker.java:719)
	at org.testng.internal.Invoker.invokeTestMethods(Invoker.java:989)
	at org.testng.internal.TestMethodWorker.invokeTestMethods(TestMethodWorker.java:125)
	at org.testng.internal.TestMethodWorker.run(TestMethodWorker.java:109)
	at java.util.concurrent.ThreadPoolExecutor.runWorker(ThreadPoolExecutor.java:1142)
	at java.util.concurrent.ThreadPoolExecutor$Worker.run(ThreadPoolExecutor.java:617)
	at java.lang.Thread.run(Thread.java:744)

</div> <!-- stack-trace -->
                </div> <!-- method-content -->
              </div> <!-- method -->
              <div class="method">
                <div class="method-content">
                  <a name="testDeleteDept">
                  </a> <!-- testDeleteDept -->
                  <span class="method-name">testDeleteDept</span>
                  <div class="stack-trace">java.lang.NullPointerException
	at org.openqa.selenium.support.ui.ExpectedConditions.elementIfVisible(ExpectedConditions.java:315)
	at org.openqa.selenium.support.ui.ExpectedConditions.access$100(ExpectedConditions.java:44)
	at org.openqa.selenium.support.ui.ExpectedConditions$10.apply(ExpectedConditions.java:301)
	at org.openqa.selenium.support.ui.ExpectedConditions$10.apply(ExpectedConditions.java:298)
	at org.openqa.selenium.support.ui.FluentWait.until(FluentWait.java:248)
	at com.test.pages.UserManagePage.goToDeptManagePage(UserManagePage.java:262)
	at com.test.testSuite.TestCases.testDeleteDept(TestCases.java:567)
	at sun.reflect.NativeMethodAccessorImpl.invoke0(Native Method)
	at sun.reflect.NativeMethodAccessorImpl.invoke(NativeMethodAccessorImpl.java:62)
	at sun.reflect.DelegatingMethodAccessorImpl.invoke(DelegatingMethodAccessorImpl.java:43)
	at java.lang.reflect.Method.invoke(Method.java:483)
	at org.testng.internal.MethodInvocationHelper.invokeMethod(MethodInvocationHelper.java:124)
	at org.testng.internal.Invoker.invokeMethod(Invoker.java:583)
	at org.testng.internal.Invoker.invokeTestMethod(Invoker.java:719)
	at org.testng.internal.Invoker.invokeTestMethods(Invoker.java:989)
	at org.testng.internal.TestMethodWorker.invokeTestMethods(TestMethodWorker.java:125)
	at org.testng.internal.TestMethodWorker.run(TestMethodWorker.java:109)
	at java.util.concurrent.ThreadPoolExecutor.runWorker(ThreadPoolExecutor.java:1142)
	at java.util.concurrent.ThreadPoolExecutor$Worker.run(ThreadPoolExecutor.java:617)
	at java.lang.Thread.run(Thread.java:744)

</div> <!-- stack-trace -->
                </div> <!-- method-content -->
              </div> <!-- method -->
              <div class="method">
                <div class="method-content">
                  <a name="testDeleteRole">
                  </a> <!-- testDeleteRole -->
                  <span class="method-name">testDeleteRole</span>
                  <div class="stack-trace">java.lang.NullPointerException
	at org.openqa.selenium.support.ui.ExpectedConditions.elementIfVisible(ExpectedConditions.java:315)
	at org.openqa.selenium.support.ui.ExpectedConditions.access$100(ExpectedConditions.java:44)
	at org.openqa.selenium.support.ui.ExpectedConditions$10.apply(ExpectedConditions.java:301)
	at org.openqa.selenium.support.ui.ExpectedConditions$10.apply(ExpectedConditions.java:298)
	at org.openqa.selenium.support.ui.FluentWait.until(FluentWait.java:248)
	at com.test.pages.UserManagePage.goToRoleManagePage(UserManagePage.java:147)
	at com.test.testSuite.TestCases.testDeleteRole(TestCases.java:452)
	at sun.reflect.NativeMethodAccessorImpl.invoke0(Native Method)
	at sun.reflect.NativeMethodAccessorImpl.invoke(NativeMethodAccessorImpl.java:62)
	at sun.reflect.DelegatingMethodAccessorImpl.invoke(DelegatingMethodAccessorImpl.java:43)
	at java.lang.reflect.Method.invoke(Method.java:483)
	at org.testng.internal.MethodInvocationHelper.invokeMethod(MethodInvocationHelper.java:124)
	at org.testng.internal.Invoker.invokeMethod(Invoker.java:583)
	at org.testng.internal.Invoker.invokeTestMethod(Invoker.java:719)
	at org.testng.internal.Invoker.invokeTestMethods(Invoker.java:989)
	at org.testng.internal.TestMethodWorker.invokeTestMethods(TestMethodWorker.java:125)
	at org.testng.internal.TestMethodWorker.run(TestMethodWorker.java:109)
	at java.util.concurrent.ThreadPoolExecutor.runWorker(ThreadPoolExecutor.java:1142)
	at java.util.concurrent.ThreadPoolExecutor$Worker.run(ThreadPoolExecutor.java:617)
	at java.lang.Thread.run(Thread.java:744)

</div> <!-- stack-trace -->
                </div> <!-- method-content -->
              </div> <!-- method -->
              <div class="method">
                <div class="method-content">
                  <a name="testEditDept">
                  </a> <!-- testEditDept -->
                  <span class="method-name">testEditDept</span>
                  <div class="stack-trace">java.lang.NullPointerException
	at org.openqa.selenium.support.ui.ExpectedConditions.elementIfVisible(ExpectedConditions.java:315)
	at org.openqa.selenium.support.ui.ExpectedConditions.access$100(ExpectedConditions.java:44)
	at org.openqa.selenium.support.ui.ExpectedConditions$10.apply(ExpectedConditions.java:301)
	at org.openqa.selenium.support.ui.ExpectedConditions$10.apply(ExpectedConditions.java:298)
	at org.openqa.selenium.support.ui.FluentWait.until(FluentWait.java:248)
	at com.test.pages.UserManagePage.goToDeptManagePage(UserManagePage.java:262)
	at com.test.testSuite.TestCases.testEditDept(TestCases.java:549)
	at sun.reflect.NativeMethodAccessorImpl.invoke0(Native Method)
	at sun.reflect.NativeMethodAccessorImpl.invoke(NativeMethodAccessorImpl.java:62)
	at sun.reflect.DelegatingMethodAccessorImpl.invoke(DelegatingMethodAccessorImpl.java:43)
	at java.lang.reflect.Method.invoke(Method.java:483)
	at org.testng.internal.MethodInvocationHelper.invokeMethod(MethodInvocationHelper.java:124)
	at org.testng.internal.Invoker.invokeMethod(Invoker.java:583)
	at org.testng.internal.Invoker.invokeTestMethod(Invoker.java:719)
	at org.testng.internal.Invoker.invokeTestMethods(Invoker.java:989)
	at org.testng.internal.TestMethodWorker.invokeTestMethods(TestMethodWorker.java:125)
	at org.testng.internal.TestMethodWorker.run(TestMethodWorker.java:109)
	at java.util.concurrent.ThreadPoolExecutor.runWorker(ThreadPoolExecutor.java:1142)
	at java.util.concurrent.ThreadPoolExecutor$Worker.run(ThreadPoolExecutor.java:617)
	at java.lang.Thread.run(Thread.java:744)

</div> <!-- stack-trace -->
                </div> <!-- method-content -->
              </div> <!-- method -->
              <div class="method">
                <div class="method-content">
                  <a name="testFenYeInUserRole">
                  </a> <!-- testFenYeInUserRole -->
                  <span class="method-name">testFenYeInUserRole</span>
                  <div class="stack-trace">org.openqa.selenium.WebDriverException: unknown error: Element &lt;a href=&quot;javascript:void(0)&quot;&gt;...&lt;/a&gt; is not clickable at point (1630, 595). Other element would receive the click: &lt;div id=&quot;operate_Modal&quot; class=&quot;modal fade in&quot; tabindex=&quot;-1&quot; role=&quot;dialog&quot; aria-labelledby=&quot;myModalLabel&quot; style=&quot;display: block;&quot;&gt;...&lt;/div&gt;
  (Session info: chrome=71.0.3578.98)
  (Driver info: chromedriver=2.40.565498 (ea082db3280dd6843ebfb08a625e3eb905c4f5ab),platform=Windows NT 10.0.17134 x86_64) (WARNING: The server did not provide any stacktrace information)
Command duration or timeout: 0 milliseconds
Build info: version: &apos;3.12.0&apos;, revision: &apos;7c6e0b3&apos;, time: &apos;2018-05-08T14:04:26.12Z&apos;
System info: host: &apos;DESKTOP-LPMN131&apos;, ip: &apos;192.168.10.160&apos;, os.name: &apos;Windows 8.1&apos;, os.arch: &apos;amd64&apos;, os.version: &apos;6.3&apos;, java.version: &apos;1.8.0&apos;
Driver info: org.openqa.selenium.chrome.ChromeDriver
Capabilities {acceptInsecureCerts: false, acceptSslCerts: false, applicationCacheEnabled: false, browserConnectionEnabled: false, browserName: chrome, chrome: {chromedriverVersion: 2.40.565498 (ea082db3280dd6..., userDataDir: C:\Users\w\AppData\Local\Te...}, cssSelectorsEnabled: true, databaseEnabled: false, handlesAlerts: true, hasTouchScreen: false, javascriptEnabled: true, locationContextEnabled: true, mobileEmulationEnabled: false, nativeEvents: true, networkConnectionEnabled: false, pageLoadStrategy: normal, platform: XP, platformName: XP, rotatable: false, setWindowRect: true, takesHeapSnapshot: true, takesScreenshot: true, unexpectedAlertBehaviour: , unhandledPromptBehavior: , version: 71.0.3578.98, webStorageEnabled: true}
Session ID: 35d5ec3ed64c32fdad86deb5cd1a943e
	at sun.reflect.NativeConstructorAccessorImpl.newInstance0(Native Method)
	at sun.reflect.NativeConstructorAccessorImpl.newInstance(NativeConstructorAccessorImpl.java:62)
	at sun.reflect.DelegatingConstructorAccessorImpl.newInstance(DelegatingConstructorAccessorImpl.java:45)
	at java.lang.reflect.Constructor.newInstance(Constructor.java:408)
	at org.openqa.selenium.remote.ErrorHandler.createThrowable(ErrorHandler.java:214)
	at org.openqa.selenium.remote.ErrorHandler.throwIfResponseFailed(ErrorHandler.java:166)
	at org.openqa.selenium.remote.http.JsonHttpResponseCodec.reconstructValue(JsonHttpResponseCodec.java:40)
	at org.openqa.selenium.remote.http.AbstractHttpResponseCodec.decode(AbstractHttpResponseCodec.java:80)
	at org.openqa.selenium.remote.http.AbstractHttpResponseCodec.decode(AbstractHttpResponseCodec.java:44)
	at org.openqa.selenium.remote.HttpCommandExecutor.execute(HttpCommandExecutor.java:158)
	at org.openqa.selenium.remote.service.DriverCommandExecutor.execute(DriverCommandExecutor.java:83)
	at org.openqa.selenium.remote.RemoteWebDriver.execute(RemoteWebDriver.java:543)
	at org.openqa.selenium.remote.RemoteWebElement.execute(RemoteWebElement.java:276)
	at org.openqa.selenium.remote.RemoteWebElement.click(RemoteWebElement.java:83)
	at com.test.testSuite.TestCases.testFenYeInUserRole(TestCases.java:433)
	at sun.reflect.NativeMethodAccessorImpl.invoke0(Native Method)
	at sun.reflect.NativeMethodAccessorImpl.invoke(NativeMethodAccessorImpl.java:62)
	at sun.reflect.DelegatingMethodAccessorImpl.invoke(DelegatingMethodAccessorImpl.java:43)
	at java.lang.reflect.Method.invoke(Method.java:483)
	at org.testng.internal.MethodInvocationHelper.invokeMethod(MethodInvocationHelper.java:124)
	at org.testng.internal.Invoker.invokeMethod(Invoker.java:583)
	at org.testng.internal.Invoker.invokeTestMethod(Invoker.java:719)
	at org.testng.internal.Invoker.invokeTestMethods(Invoker.java:989)
	at org.testng.internal.TestMethodWorker.invokeTestMethods(TestMethodWorker.java:125)
	at org.testng.internal.TestMethodWorker.run(TestMethodWorker.java:109)
	at java.util.concurrent.ThreadPoolExecutor.runWorker(ThreadPoolExecutor.java:1142)
	at java.util.concurrent.ThreadPoolExecutor$Worker.run(ThreadPoolExecutor.java:617)
	at java.lang.Thread.run(Thread.java:744)

</div> <!-- stack-trace -->
                </div> <!-- method-content -->
              </div> <!-- method -->
              <div class="method">
                <div class="method-content">
                  <a name="testInputKeywordAndSearchDept(testDept)">
                  </a> <!-- testInputKeywordAndSearchDept(testDept) -->
                  <span class="method-name">testInputKeywordAndSearchDept</span>
                  <span class="parameters">(testDept)</span>
                  <div class="stack-trace">java.lang.NullPointerException
	at org.openqa.selenium.support.ui.ExpectedConditions.elementIfVisible(ExpectedConditions.java:315)
	at org.openqa.selenium.support.ui.ExpectedConditions.access$100(ExpectedConditions.java:44)
	at org.openqa.selenium.support.ui.ExpectedConditions$10.apply(ExpectedConditions.java:301)
	at org.openqa.selenium.support.ui.ExpectedConditions$10.apply(ExpectedConditions.java:298)
	at org.openqa.selenium.support.ui.FluentWait.until(FluentWait.java:248)
	at com.test.pages.UserManagePage.goToDeptManagePage(UserManagePage.java:262)
	at com.test.testSuite.TestCases.testInputKeywordAndSearchDept(TestCases.java:523)
	at sun.reflect.NativeMethodAccessorImpl.invoke0(Native Method)
	at sun.reflect.NativeMethodAccessorImpl.invoke(NativeMethodAccessorImpl.java:62)
	at sun.reflect.DelegatingMethodAccessorImpl.invoke(DelegatingMethodAccessorImpl.java:43)
	at java.lang.reflect.Method.invoke(Method.java:483)
	at org.testng.internal.MethodInvocationHelper.invokeMethod(MethodInvocationHelper.java:124)
	at org.testng.internal.Invoker.invokeMethod(Invoker.java:583)
	at org.testng.internal.Invoker.invokeTestMethod(Invoker.java:719)
	at org.testng.internal.Invoker.invokeTestMethods(Invoker.java:989)
	at org.testng.internal.TestMethodWorker.invokeTestMethods(TestMethodWorker.java:125)
	at org.testng.internal.TestMethodWorker.run(TestMethodWorker.java:109)
	at java.util.concurrent.ThreadPoolExecutor.runWorker(ThreadPoolExecutor.java:1142)
	at java.util.concurrent.ThreadPoolExecutor$Worker.run(ThreadPoolExecutor.java:617)
	at java.lang.Thread.run(Thread.java:744)

</div> <!-- stack-trace -->
                </div> <!-- method-content -->
              </div> <!-- method -->
              <div class="method">
                <div class="method-content">
                  <a name="testSelectFromDropListAndSearchDept">
                  </a> <!-- testSelectFromDropListAndSearchDept -->
                  <span class="method-name">testSelectFromDropListAndSearchDept</span>
                  <div class="stack-trace">java.lang.NullPointerException
	at org.openqa.selenium.support.ui.ExpectedConditions.elementIfVisible(ExpectedConditions.java:315)
	at org.openqa.selenium.support.ui.ExpectedConditions.access$100(ExpectedConditions.java:44)
	at org.openqa.selenium.support.ui.ExpectedConditions$10.apply(ExpectedConditions.java:301)
	at org.openqa.selenium.support.ui.ExpectedConditions$10.apply(ExpectedConditions.java:298)
	at org.openqa.selenium.support.ui.FluentWait.until(FluentWait.java:248)
	at com.test.pages.UserManagePage.goToDeptManagePage(UserManagePage.java:262)
	at com.test.testSuite.TestCases.testSelectFromDropListAndSearchDept(TestCases.java:534)
	at sun.reflect.NativeMethodAccessorImpl.invoke0(Native Method)
	at sun.reflect.NativeMethodAccessorImpl.invoke(NativeMethodAccessorImpl.java:62)
	at sun.reflect.DelegatingMethodAccessorImpl.invoke(DelegatingMethodAccessorImpl.java:43)
	at java.lang.reflect.Method.invoke(Method.java:483)
	at org.testng.internal.MethodInvocationHelper.invokeMethod(MethodInvocationHelper.java:124)
	at org.testng.internal.Invoker.invokeMethod(Invoker.java:583)
	at org.testng.internal.Invoker.invokeTestMethod(Invoker.java:719)
	at org.testng.internal.Invoker.invokeTestMethods(Invoker.java:989)
	at org.testng.internal.TestMethodWorker.invokeTestMethods(TestMethodWorker.java:125)
	at org.testng.internal.TestMethodWorker.run(TestMethodWorker.java:109)
	at java.util.concurrent.ThreadPoolExecutor.runWorker(ThreadPoolExecutor.java:1142)
	at java.util.concurrent.ThreadPoolExecutor$Worker.run(ThreadPoolExecutor.java:617)
	at java.lang.Thread.run(Thread.java:744)

</div> <!-- stack-trace -->
                </div> <!-- method-content -->
              </div> <!-- method -->
              <div class="method">
                <div class="method-content">
                  <a name="testVerifyDeptNameField(testDept, testSpon)">
                  </a> <!-- testVerifyDeptNameField(testDept, testSpon) -->
                  <span class="method-name">testVerifyDeptNameField</span>
                  <span class="parameters">(testDept, testSpon)</span>
                  <div class="stack-trace">java.lang.NullPointerException
	at org.openqa.selenium.support.ui.ExpectedConditions.elementIfVisible(ExpectedConditions.java:315)
	at org.openqa.selenium.support.ui.ExpectedConditions.access$100(ExpectedConditions.java:44)
	at org.openqa.selenium.support.ui.ExpectedConditions$10.apply(ExpectedConditions.java:301)
	at org.openqa.selenium.support.ui.ExpectedConditions$10.apply(ExpectedConditions.java:298)
	at org.openqa.selenium.support.ui.FluentWait.until(FluentWait.java:248)
	at com.test.pages.UserManagePage.goToDeptManagePage(UserManagePage.java:262)
	at com.test.testSuite.TestCases.testVerifyDeptNameField(TestCases.java:494)
	at sun.reflect.NativeMethodAccessorImpl.invoke0(Native Method)
	at sun.reflect.NativeMethodAccessorImpl.invoke(NativeMethodAccessorImpl.java:62)
	at sun.reflect.DelegatingMethodAccessorImpl.invoke(DelegatingMethodAccessorImpl.java:43)
	at java.lang.reflect.Method.invoke(Method.java:483)
	at org.testng.internal.MethodInvocationHelper.invokeMethod(MethodInvocationHelper.java:124)
	at org.testng.internal.Invoker.invokeMethod(Invoker.java:583)
	at org.testng.internal.Invoker.invokeTestMethod(Invoker.java:719)
	at org.testng.internal.Invoker.invokeTestMethods(Invoker.java:989)
	at org.testng.internal.TestMethodWorker.invokeTestMethods(TestMethodWorker.java:125)
	at org.testng.internal.TestMethodWorker.run(TestMethodWorker.java:109)
	at java.util.concurrent.ThreadPoolExecutor.runWorker(ThreadPoolExecutor.java:1142)
	at java.util.concurrent.ThreadPoolExecutor$Worker.run(ThreadPoolExecutor.java:617)
	at java.lang.Thread.run(Thread.java:744)

</div> <!-- stack-trace -->
                </div> <!-- method-content -->
              </div> <!-- method -->
            </div> <!-- main-panel-content rounded-window-bottom -->
          </div> <!-- suite-Suite-class-failed -->
          <div class="suite-Suite-class-passed">
            <div class="main-panel-header rounded-window-top">
              <img src="passed.png"/>
              <span class="class-name">com.test.testSuite.TestCases</span>
            </div> <!-- main-panel-header rounded-window-top -->
            <div class="main-panel-content rounded-window-bottom">
              <div class="method">
                <div class="method-content">
                  <a name="testAddRolePass(roleName)">
                  </a> <!-- testAddRolePass(roleName) -->
                  <span class="method-name">testAddRolePass</span>
                  <span class="parameters">(roleName)</span>
                </div> <!-- method-content -->
              </div> <!-- method -->
              <div class="method">
                <div class="method-content">
                  <a name="testAddUserFieldLength">
                  </a> <!-- testAddUserFieldLength -->
                  <span class="method-name">testAddUserFieldLength</span>
                </div> <!-- method-content -->
              </div> <!-- method -->
              <div class="method">
                <div class="method-content">
                  <a name="testAddUserFiledNotNull">
                  </a> <!-- testAddUserFiledNotNull -->
                  <span class="method-name">testAddUserFiledNotNull</span>
                </div> <!-- method-content -->
              </div> <!-- method -->
              <div class="method">
                <div class="method-content">
                  <a name="testAddUserPass(test1, test1)">
                  </a> <!-- testAddUserPass(test1, test1) -->
                  <span class="method-name">testAddUserPass</span>
                  <span class="parameters">(test1, test1)</span>
                </div> <!-- method-content -->
              </div> <!-- method -->
              <div class="method">
                <div class="method-content">
                  <a name="testConditionQueryAndLocate">
                  </a> <!-- testConditionQueryAndLocate -->
                  <span class="method-name">testConditionQueryAndLocate</span>
                </div> <!-- method-content -->
              </div> <!-- method -->
              <div class="method">
                <div class="method-content">
                  <a name="testDataBrowseFolder">
                  </a> <!-- testDataBrowseFolder -->
                  <span class="method-name">testDataBrowseFolder</span>
                </div> <!-- method-content -->
              </div> <!-- method -->
              <div class="method">
                <div class="method-content">
                  <a name="testDataUpdateUploadFile">
                  </a> <!-- testDataUpdateUploadFile -->
                  <span class="method-name">testDataUpdateUploadFile</span>
                </div> <!-- method-content -->
              </div> <!-- method -->
              <div class="method">
                <div class="method-content">
                  <a name="testDeleteUser">
                  </a> <!-- testDeleteUser -->
                  <span class="method-name">testDeleteUser</span>
                </div> <!-- method-content -->
              </div> <!-- method -->
              <div class="method">
                <div class="method-content">
                  <a name="testEditRole">
                  </a> <!-- testEditRole -->
                  <span class="method-name">testEditRole</span>
                </div> <!-- method-content -->
              </div> <!-- method -->
              <div class="method">
                <div class="method-content">
                  <a name="testEditUser">
                  </a> <!-- testEditUser -->
                  <span class="method-name">testEditUser</span>
                </div> <!-- method-content -->
              </div> <!-- method -->
              <div class="method">
                <div class="method-content">
                  <a name="testInputKeywordAndSearchRole(roleName)">
                  </a> <!-- testInputKeywordAndSearchRole(roleName) -->
                  <span class="method-name">testInputKeywordAndSearchRole</span>
                  <span class="parameters">(roleName)</span>
                </div> <!-- method-content -->
              </div> <!-- method -->
              <div class="method">
                <div class="method-content">
                  <a name="testInputKeywordAndSearchUser">
                  </a> <!-- testInputKeywordAndSearchUser -->
                  <span class="method-name">testInputKeywordAndSearchUser</span>
                </div> <!-- method-content -->
              </div> <!-- method -->
              <div class="method">
                <div class="method-content">
                  <a name="testInputRoadNameAndLocate">
                  </a> <!-- testInputRoadNameAndLocate -->
                  <span class="method-name">testInputRoadNameAndLocate</span>
                </div> <!-- method-content -->
              </div> <!-- method -->
              <div class="method">
                <div class="method-content">
                  <a name="testInputRoadNameAndLocateInDataExport">
                  </a> <!-- testInputRoadNameAndLocateInDataExport -->
                  <span class="method-name">testInputRoadNameAndLocateInDataExport</span>
                </div> <!-- method-content -->
              </div> <!-- method -->
              <div class="method">
                <div class="method-content">
                  <a name="testRoleNameFieldVerify(roleName)">
                  </a> <!-- testRoleNameFieldVerify(roleName) -->
                  <span class="method-name">testRoleNameFieldVerify</span>
                  <span class="parameters">(roleName)</span>
                </div> <!-- method-content -->
              </div> <!-- method -->
              <div class="method">
                <div class="method-content">
                  <a name="testSelectDataTypeAndAreaMeasureInDataQueryFolder">
                  </a> <!-- testSelectDataTypeAndAreaMeasureInDataQueryFolder -->
                  <span class="method-name">testSelectDataTypeAndAreaMeasureInDataQueryFolder</span>
                </div> <!-- method-content -->
              </div> <!-- method -->
              <div class="method">
                <div class="method-content">
                  <a name="testSelectDataTypeAndMeasureInDataExport">
                  </a> <!-- testSelectDataTypeAndMeasureInDataExport -->
                  <span class="method-name">testSelectDataTypeAndMeasureInDataExport</span>
                </div> <!-- method-content -->
              </div> <!-- method -->
              <div class="method">
                <div class="method-content">
                  <a name="testSelectDataType_HongGuan">
                  </a> <!-- testSelectDataType_HongGuan -->
                  <span class="method-name">testSelectDataType_HongGuan</span>
                </div> <!-- method-content -->
              </div> <!-- method -->
              <div class="method">
                <div class="method-content">
                  <a name="testSelectFromDropListAndSearchRole">
                  </a> <!-- testSelectFromDropListAndSearchRole -->
                  <span class="method-name">testSelectFromDropListAndSearchRole</span>
                </div> <!-- method-content -->
              </div> <!-- method -->
              <div class="method">
                <div class="method-content">
                  <a name="testSelectFromDropListAndSearchUser">
                  </a> <!-- testSelectFromDropListAndSearchUser -->
                  <span class="method-name">testSelectFromDropListAndSearchUser</span>
                </div> <!-- method-content -->
              </div> <!-- method -->
              <div class="method">
                <div class="method-content">
                  <a name="testUserNameNotAllowedDuplicate(test1, test1)">
                  </a> <!-- testUserNameNotAllowedDuplicate(test1, test1) -->
                  <span class="method-name">testUserNameNotAllowedDuplicate</span>
                  <span class="parameters">(test1, test1)</span>
                </div> <!-- method-content -->
              </div> <!-- method -->
            </div> <!-- main-panel-content rounded-window-bottom -->
          </div> <!-- suite-Suite-class-passed -->
          <div class="suite-Suite-class-passed">
            <div class="main-panel-header rounded-window-top">
              <img src="passed.png"/>
              <span class="class-name">com.test.testSuite.Login</span>
            </div> <!-- main-panel-header rounded-window-top -->
            <div class="main-panel-content rounded-window-bottom">
              <div class="method">
                <div class="method-content">
                  <a name="logPass">
                  </a> <!-- logPass -->
                  <span class="method-name">logPass</span>
                </div> <!-- method-content -->
              </div> <!-- method -->
            </div> <!-- main-panel-content rounded-window-bottom -->
          </div> <!-- suite-Suite-class-passed -->
        </div> <!-- panel Suite -->
        <div panel-name="test-xml-Suite" class="panel">
          <div class="main-panel-header rounded-window-top">
            <span class="header-content">E:\JZ\testNG.xml</span>
          </div> <!-- main-panel-header rounded-window-top -->
          <div class="main-panel-content rounded-window-bottom">
            <pre>
&lt;?xml version=&quot;1.0&quot; encoding=&quot;UTF-8&quot;?&gt;
&lt;!DOCTYPE suite SYSTEM &quot;http://testng.org/testng-1.0.dtd&quot;&gt;
&lt;suite guice-stage=&quot;DEVELOPMENT&quot; verbose=&quot;0&quot; name=&quot;Suite&quot; parallel=&quot;classes&quot;&gt;
  &lt;parameter name=&quot;realName&quot; value=&quot;test1&quot;/&gt;
  &lt;parameter name=&quot;deptName&quot; value=&quot;testDept&quot;/&gt;
  &lt;parameter name=&quot;parentName&quot; value=&quot;testSpon&quot;/&gt;
  &lt;parameter name=&quot;roleName&quot; value=&quot;roleName&quot;/&gt;
  &lt;parameter name=&quot;userName&quot; value=&quot;test1&quot;/&gt;
  &lt;test thread-count=&quot;5&quot; verbose=&quot;2&quot; name=&quot;TestJZDT&quot; parallel=&quot;classes&quot;&gt;
    &lt;classes&gt;
      &lt;class name=&quot;com.test.testSuite.Login&quot;&gt;
        &lt;methods&gt;
          &lt;include name=&quot;logPass&quot;/&gt;
          &lt;include name=&quot;afterMethod&quot;/&gt;
        &lt;/methods&gt;
      &lt;/class&gt; &lt;!-- com.test.testSuite.Login --&gt;
      &lt;class name=&quot;com.test.testSuite.TestCases&quot;&gt;
        &lt;methods&gt;
          &lt;include name=&quot;testInputRoadNameAndLocate&quot;/&gt;
          &lt;include name=&quot;testSelectDataType_HongGuan&quot;/&gt;
          &lt;include name=&quot;testDataBrowseFolder&quot;/&gt;
          &lt;include name=&quot;testSelectDataTypeAndAreaMeasureInDataQueryFolder&quot;/&gt;
          &lt;include name=&quot;testConditionQueryAndLocate&quot;/&gt;
          &lt;include name=&quot;testDataUpdateUploadFile&quot;/&gt;
          &lt;include name=&quot;testDataRecover&quot;/&gt;
          &lt;include name=&quot;testSelectDataTypeAndMeasureInDataExport&quot;/&gt;
          &lt;include name=&quot;testInputRoadNameAndLocateInDataExport&quot;/&gt;
          &lt;include name=&quot;testAddUserFiledNotNull&quot;/&gt;
          &lt;include name=&quot;testAddUserFieldLength&quot;/&gt;
          &lt;include name=&quot;testAddUserPass&quot;/&gt;
          &lt;include name=&quot;testInputKeywordAndSearchUser&quot;/&gt;
          &lt;include name=&quot;testSelectFromDropListAndSearchUser&quot;/&gt;
          &lt;include name=&quot;testEditUser&quot;/&gt;
          &lt;include name=&quot;testUserNameNotAllowedDuplicate&quot;/&gt;
          &lt;include name=&quot;testDeleteUser&quot;/&gt;
          &lt;include name=&quot;testAddRolePass&quot;/&gt;
          &lt;include name=&quot;testRoleNameFieldVerify&quot;/&gt;
          &lt;include name=&quot;testInputKeywordAndSearchRole&quot;/&gt;
          &lt;include name=&quot;testSelectFromDropListAndSearchRole&quot;/&gt;
          &lt;include name=&quot;testEditRole&quot;/&gt;
          &lt;include name=&quot;testFenYeInUserRole&quot;/&gt;
          &lt;include name=&quot;testDeleteRole&quot;/&gt;
          &lt;include name=&quot;testAddDept&quot;/&gt;
          &lt;include name=&quot;testVerifyDeptNameField&quot;/&gt;
          &lt;include name=&quot;testInputKeywordAndSearchDept&quot;/&gt;
          &lt;include name=&quot;testSelectFromDropListAndSearchDept&quot;/&gt;
          &lt;include name=&quot;testEditDept&quot;/&gt;
          &lt;include name=&quot;testDeleteDept&quot;/&gt;
        &lt;/methods&gt;
      &lt;/class&gt; &lt;!-- com.test.testSuite.TestCases --&gt;
    &lt;/classes&gt;
  &lt;/test&gt; &lt;!-- TestJZDT --&gt;
&lt;/suite&gt; &lt;!-- Suite --&gt;
            </pre>
          </div> <!-- main-panel-content rounded-window-bottom -->
        </div> <!-- panel -->
        <div panel-name="testlist-Suite" class="panel">
          <div class="main-panel-header rounded-window-top">
            <span class="header-content">Tests for Suite</span>
          </div> <!-- main-panel-header rounded-window-top -->
          <div class="main-panel-content rounded-window-bottom">
            <ul>
              <li>
                <span class="test-name">TestJZDT (2 classes)</span>
              </li>
            </ul>
          </div> <!-- main-panel-content rounded-window-bottom -->
        </div> <!-- panel -->
        <div panel-name="group-Suite" class="panel">
          <div class="main-panel-header rounded-window-top">
            <span class="header-content">Groups for Suite</span>
          </div> <!-- main-panel-header rounded-window-top -->
          <div class="main-panel-content rounded-window-bottom">
          </div> <!-- main-panel-content rounded-window-bottom -->
        </div> <!-- panel -->
        <div panel-name="times-Suite" class="panel">
          <div class="main-panel-header rounded-window-top">
            <span class="header-content">Times for Suite</span>
          </div> <!-- main-panel-header rounded-window-top -->
          <div class="main-panel-content rounded-window-bottom">
            <div class="times-div">
              <script type="text/javascript">
suiteTableInitFunctions.push('tableData_Suite');
function tableData_Suite() {
var data = new google.visualization.DataTable();
data.addColumn('number', 'Number');
data.addColumn('string', 'Method');
data.addColumn('string', 'Class');
data.addColumn('number', 'Time (ms)');
data.addRows(31);
data.setCell(0, 0, 0)
data.setCell(0, 1, 'testDataRecover')
data.setCell(0, 2, 'com.test.testSuite.TestCases')
data.setCell(0, 3, 33371);
data.setCell(1, 0, 1)
data.setCell(1, 1, 'testDataUpdateUploadFile')
data.setCell(1, 2, 'com.test.testSuite.TestCases')
data.setCell(1, 3, 31510);
data.setCell(2, 0, 2)
data.setCell(2, 1, 'testDataBrowseFolder')
data.setCell(2, 2, 'com.test.testSuite.TestCases')
data.setCell(2, 3, 22192);
data.setCell(3, 0, 3)
data.setCell(3, 1, 'testInputRoadNameAndLocate')
data.setCell(3, 2, 'com.test.testSuite.TestCases')
data.setCell(3, 3, 16341);
data.setCell(4, 0, 4)
data.setCell(4, 1, 'testDeleteUser')
data.setCell(4, 2, 'com.test.testSuite.TestCases')
data.setCell(4, 3, 12746);
data.setCell(5, 0, 5)
data.setCell(5, 1, 'testSelectDataType_HongGuan')
data.setCell(5, 2, 'com.test.testSuite.TestCases')
data.setCell(5, 3, 10668);
data.setCell(6, 0, 6)
data.setCell(6, 1, 'testFenYeInUserRole')
data.setCell(6, 2, 'com.test.testSuite.TestCases')
data.setCell(6, 3, 9327);
data.setCell(7, 0, 7)
data.setCell(7, 1, 'testConditionQueryAndLocate')
data.setCell(7, 2, 'com.test.testSuite.TestCases')
data.setCell(7, 3, 9166);
data.setCell(8, 0, 8)
data.setCell(8, 1, 'testEditUser')
data.setCell(8, 2, 'com.test.testSuite.TestCases')
data.setCell(8, 3, 9144);
data.setCell(9, 0, 9)
data.setCell(9, 1, 'testAddRolePass')
data.setCell(9, 2, 'com.test.testSuite.TestCases')
data.setCell(9, 3, 7705);
data.setCell(10, 0, 10)
data.setCell(10, 1, 'testEditRole')
data.setCell(10, 2, 'com.test.testSuite.TestCases')
data.setCell(10, 3, 7546);
data.setCell(11, 0, 11)
data.setCell(11, 1, 'testAddUserPass')
data.setCell(11, 2, 'com.test.testSuite.TestCases')
data.setCell(11, 3, 7382);
data.setCell(12, 0, 12)
data.setCell(12, 1, 'testSelectDataTypeAndAreaMeasureInDataQueryFolder')
data.setCell(12, 2, 'com.test.testSuite.TestCases')
data.setCell(12, 3, 5053);
data.setCell(13, 0, 13)
data.setCell(13, 1, 'logPass')
data.setCell(13, 2, 'com.test.testSuite.Login')
data.setCell(13, 3, 3958);
data.setCell(14, 0, 14)
data.setCell(14, 1, 'testSelectDataTypeAndMeasureInDataExport')
data.setCell(14, 2, 'com.test.testSuite.TestCases')
data.setCell(14, 3, 2322);
data.setCell(15, 0, 15)
data.setCell(15, 1, 'testRoleNameFieldVerify')
data.setCell(15, 2, 'com.test.testSuite.TestCases')
data.setCell(15, 3, 1450);
data.setCell(16, 0, 16)
data.setCell(16, 1, 'testUserNameNotAllowedDuplicate')
data.setCell(16, 2, 'com.test.testSuite.TestCases')
data.setCell(16, 3, 1339);
data.setCell(17, 0, 17)
data.setCell(17, 1, 'testAddUserFieldLength')
data.setCell(17, 2, 'com.test.testSuite.TestCases')
data.setCell(17, 3, 1322);
data.setCell(18, 0, 18)
data.setCell(18, 1, 'testAddUserFiledNotNull')
data.setCell(18, 2, 'com.test.testSuite.TestCases')
data.setCell(18, 3, 1223);
data.setCell(19, 0, 19)
data.setCell(19, 1, 'testInputKeywordAndSearchRole')
data.setCell(19, 2, 'com.test.testSuite.TestCases')
data.setCell(19, 3, 915);
data.setCell(20, 0, 20)
data.setCell(20, 1, 'testInputRoadNameAndLocateInDataExport')
data.setCell(20, 2, 'com.test.testSuite.TestCases')
data.setCell(20, 3, 536);
data.setCell(21, 0, 21)
data.setCell(21, 1, 'testSelectFromDropListAndSearchUser')
data.setCell(21, 2, 'com.test.testSuite.TestCases')
data.setCell(21, 3, 359);
data.setCell(22, 0, 22)
data.setCell(22, 1, 'testSelectFromDropListAndSearchRole')
data.setCell(22, 2, 'com.test.testSuite.TestCases')
data.setCell(22, 3, 344);
data.setCell(23, 0, 23)
data.setCell(23, 1, 'testInputKeywordAndSearchUser')
data.setCell(23, 2, 'com.test.testSuite.TestCases')
data.setCell(23, 3, 271);
data.setCell(24, 0, 24)
data.setCell(24, 1, 'testDeleteRole')
data.setCell(24, 2, 'com.test.testSuite.TestCases')
data.setCell(24, 3, 14);
data.setCell(25, 0, 25)
data.setCell(25, 1, 'testDeleteDept')
data.setCell(25, 2, 'com.test.testSuite.TestCases')
data.setCell(25, 3, 11);
data.setCell(26, 0, 26)
data.setCell(26, 1, 'testInputKeywordAndSearchDept')
data.setCell(26, 2, 'com.test.testSuite.TestCases')
data.setCell(26, 3, 11);
data.setCell(27, 0, 27)
data.setCell(27, 1, 'testVerifyDeptNameField')
data.setCell(27, 2, 'com.test.testSuite.TestCases')
data.setCell(27, 3, 10);
data.setCell(28, 0, 28)
data.setCell(28, 1, 'testEditDept')
data.setCell(28, 2, 'com.test.testSuite.TestCases')
data.setCell(28, 3, 9);
data.setCell(29, 0, 29)
data.setCell(29, 1, 'testAddDept')
data.setCell(29, 2, 'com.test.testSuite.TestCases')
data.setCell(29, 3, 9);
data.setCell(30, 0, 30)
data.setCell(30, 1, 'testSelectFromDropListAndSearchDept')
data.setCell(30, 2, 'com.test.testSuite.TestCases')
data.setCell(30, 3, 8);
window.suiteTableData['Suite']= { tableData: data, tableDiv: 'times-div-Suite'}
return data;
}
              </script>
              <span class="suite-total-time">Total running time: 3 minutes</span>
              <div id="times-div-Suite">
              </div> <!-- times-div-Suite -->
            </div> <!-- times-div -->
          </div> <!-- main-panel-content rounded-window-bottom -->
        </div> <!-- panel -->
        <div panel-name="reporter-Suite" class="panel">
          <div class="main-panel-header rounded-window-top">
            <span class="header-content">Reporter output for Suite</span>
          </div> <!-- main-panel-header rounded-window-top -->
          <div class="main-panel-content rounded-window-bottom">
            <div class="reporter-method-div">
              <span class="reporter-method-name">logPass</span>
              <div class="reporter-method-output-div">
                <span class="reporter-method-output"></span>
              </div> <!-- reporter-method-output-div -->
            </div> <!-- reporter-method-div -->
          </div> <!-- main-panel-content rounded-window-bottom -->
        </div> <!-- panel -->
        <div panel-name="ignored-methods-Suite" class="panel">
          <div class="main-panel-header rounded-window-top">
            <span class="header-content">4 ignored methods</span>
          </div> <!-- main-panel-header rounded-window-top -->
          <div class="main-panel-content rounded-window-bottom">
            <div class="ignored-class-div">
              <span class="ignored-class-name">com.test.testSuite.TestCases</span>
              <div class="ignored-methods-div">
                <span class="ignored-method-name">TestDemo</span>
                <br/>
                <span class="ignored-method-name">testBaiduMap</span>
                <br/>
                <span class="ignored-method-name">testJavaScriptCalls</span>
                <br/>
                <span class="ignored-method-name">locateTable</span>
                <br/>
              </div> <!-- ignored-methods-div -->
            </div> <!-- ignored-class-div -->
          </div> <!-- main-panel-content rounded-window-bottom -->
        </div> <!-- panel -->
        <div panel-name="chronological-Suite" class="panel">
          <div class="main-panel-header rounded-window-top">
            <span class="header-content">Methods in chronological order</span>
          </div> <!-- main-panel-header rounded-window-top -->
          <div class="main-panel-content rounded-window-bottom">
            <div class="chronological-class">
              <div class="chronological-class-name">com.test.testSuite.TestCases</div> <!-- chronological-class-name -->
              <div class="configuration-class before">
                <span class="method-name">setUP</span>
                <span class="method-start">0 ms</span>
              </div> <!-- configuration-class before -->
            </div> <!-- chronological-class -->
            <div class="chronological-class">
              <div class="chronological-class-name">com.test.testSuite.Login</div> <!-- chronological-class-name -->
              <div class="test-method">
                <span class="method-name">logPass</span>
                <span class="method-start">6 ms</span>
              </div> <!-- test-method -->
              <div class="configuration-method after">
                <span class="method-name">afterMethod</span>
                <span class="method-start">3965 ms</span>
              </div> <!-- configuration-method after -->
            </div> <!-- chronological-class -->
            <div class="chronological-class">
              <div class="chronological-class-name">com.test.testSuite.TestCases</div> <!-- chronological-class-name -->
              <div class="test-method">
                <span class="method-name">testInputRoadNameAndLocate</span>
                <span class="method-start">4883 ms</span>
              </div> <!-- test-method -->
              <div class="test-method">
                <span class="method-name">testSelectDataType_HongGuan</span>
                <span class="method-start">21225 ms</span>
              </div> <!-- test-method -->
              <div class="test-method">
                <span class="method-name">testDataBrowseFolder</span>
                <span class="method-start">31894 ms</span>
              </div> <!-- test-method -->
              <div class="test-method">
                <span class="method-name">testSelectDataTypeAndAreaMeasureInDataQueryFolder</span>
                <span class="method-start">54087 ms</span>
              </div> <!-- test-method -->
              <div class="test-method">
                <span class="method-name">testConditionQueryAndLocate</span>
                <span class="method-start">59140 ms</span>
              </div> <!-- test-method -->
              <div class="test-method">
                <span class="method-name">testDataUpdateUploadFile</span>
                <span class="method-start">68306 ms</span>
              </div> <!-- test-method -->
              <div class="test-method">
                <img src="failed.png">
                </img>
                <span class="method-name">testDataRecover</span>
                <span class="method-start">99817 ms</span>
              </div> <!-- test-method -->
              <div class="test-method">
                <span class="method-name">testSelectDataTypeAndMeasureInDataExport</span>
                <span class="method-start">133195 ms</span>
              </div> <!-- test-method -->
              <div class="test-method">
                <span class="method-name">testInputRoadNameAndLocateInDataExport</span>
                <span class="method-start">135517 ms</span>
              </div> <!-- test-method -->
              <div class="test-method">
                <span class="method-name">testAddUserFiledNotNull</span>
                <span class="method-start">136053 ms</span>
              </div> <!-- test-method -->
              <div class="test-method">
                <span class="method-name">testAddUserFieldLength</span>
                <span class="method-start">137276 ms</span>
              </div> <!-- test-method -->
              <div class="test-method">
                <span class="method-name">testAddUserPass(test1, test1)</span>
                <span class="method-start">138600 ms</span>
              </div> <!-- test-method -->
              <div class="test-method">
                <span class="method-name">testInputKeywordAndSearchUser</span>
                <span class="method-start">145983 ms</span>
              </div> <!-- test-method -->
              <div class="test-method">
                <span class="method-name">testSelectFromDropListAndSearchUser</span>
                <span class="method-start">146254 ms</span>
              </div> <!-- test-method -->
              <div class="test-method">
                <span class="method-name">testEditUser</span>
                <span class="method-start">146613 ms</span>
              </div> <!-- test-method -->
              <div class="test-method">
                <span class="method-name">testUserNameNotAllowedDuplicate(test1, test1)</span>
                <span class="method-start">155758 ms</span>
              </div> <!-- test-method -->
              <div class="test-method">
                <span class="method-name">testDeleteUser</span>
                <span class="method-start">157098 ms</span>
              </div> <!-- test-method -->
              <div class="test-method">
                <span class="method-name">testAddRolePass(roleName)</span>
                <span class="method-start">169844 ms</span>
              </div> <!-- test-method -->
              <div class="test-method">
                <span class="method-name">testRoleNameFieldVerify(roleName)</span>
                <span class="method-start">177550 ms</span>
              </div> <!-- test-method -->
              <div class="test-method">
                <span class="method-name">testInputKeywordAndSearchRole(roleName)</span>
                <span class="method-start">179000 ms</span>
              </div> <!-- test-method -->
              <div class="test-method">
                <span class="method-name">testSelectFromDropListAndSearchRole</span>
                <span class="method-start">179916 ms</span>
              </div> <!-- test-method -->
              <div class="test-method">
                <span class="method-name">testEditRole</span>
                <span class="method-start">180260 ms</span>
              </div> <!-- test-method -->
              <div class="test-method">
                <img src="failed.png">
                </img>
                <span class="method-name">testFenYeInUserRole</span>
                <span class="method-start">187807 ms</span>
              </div> <!-- test-method -->
              <div class="test-method">
                <img src="failed.png">
                </img>
                <span class="method-name">testDeleteRole</span>
                <span class="method-start">197135 ms</span>
              </div> <!-- test-method -->
              <div class="test-method">
                <img src="failed.png">
                </img>
                <span class="method-name">testAddDept(testDept, testSpon)</span>
                <span class="method-start">197150 ms</span>
              </div> <!-- test-method -->
              <div class="test-method">
                <img src="failed.png">
                </img>
                <span class="method-name">testVerifyDeptNameField(testDept, testSpon)</span>
                <span class="method-start">197160 ms</span>
              </div> <!-- test-method -->
              <div class="test-method">
                <img src="failed.png">
                </img>
                <span class="method-name">testInputKeywordAndSearchDept(testDept)</span>
                <span class="method-start">197171 ms</span>
              </div> <!-- test-method -->
              <div class="test-method">
                <img src="failed.png">
                </img>
                <span class="method-name">testSelectFromDropListAndSearchDept</span>
                <span class="method-start">197182 ms</span>
              </div> <!-- test-method -->
              <div class="test-method">
                <img src="failed.png">
                </img>
                <span class="method-name">testEditDept</span>
                <span class="method-start">197190 ms</span>
              </div> <!-- test-method -->
              <div class="test-method">
                <img src="failed.png">
                </img>
                <span class="method-name">testDeleteDept</span>
                <span class="method-start">197199 ms</span>
              </div> <!-- test-method -->
          </div> <!-- main-panel-content rounded-window-bottom -->
        </div> <!-- panel -->
      </div> <!-- main-panel-root -->
    </div> <!-- wrapper -->
  </body>
</html>
